<?xml version="1.0" encoding="UTF-8"?>
<!-- Generated by org.testng.reporters.JUnitReportReporter -->
<testsuite hostname="MAA-5CG9224W5R" failures="0" tests="1" name="testcase.Test1" time="7.185" errors="0" timestamp="2021-06-19T16:59:05 IST" skipped="0">
  <testcase classname="testcase.Test1" name="TC1" time="7.185"/>
</testsuite> <!-- testcase.Test1 -->
